\BOOKMARK [0][-]{chapter.1}{Aqueduct installation guide}{}% 1
\BOOKMARK [1][-]{section.1.1}{Overview}{chapter.1}% 2
\BOOKMARK [1][-]{section.1.2}{Install}{chapter.1}% 3
\BOOKMARK [0][-]{chapter.2}{Valve manual}{}% 4
\BOOKMARK [1][-]{section.2.1}{Valve invocation}{chapter.2}% 5
\BOOKMARK [1][-]{section.2.2}{How does Valve work}{chapter.2}% 6
\BOOKMARK [0][-]{chapter.3}{Configuration file options}{}% 7
\BOOKMARK [1][-]{section.3.1}{Section global}{chapter.3}% 8
\BOOKMARK [1][-]{section.3.2}{Common settings of stage sections}{chapter.3}% 9
\BOOKMARK [1][-]{section.3.3}{Stage traceable\137residues}{chapter.3}% 10
\BOOKMARK [1][-]{section.3.4}{Stage raw\137paths}{chapter.3}% 11
\BOOKMARK [1][-]{section.3.5}{Stage separate\137paths}{chapter.3}% 12
\BOOKMARK [1][-]{section.3.6}{Stage inlets\137clusterization}{chapter.3}% 13
\BOOKMARK [1][-]{section.3.7}{Stage analysis}{chapter.3}% 14
\BOOKMARK [1][-]{section.3.8}{Stage visualize}{chapter.3}% 15
\BOOKMARK [0][-]{chapter.4}{Valve tutorial}{}% 16
\BOOKMARK [1][-]{section.4.1}{Valve invocation}{chapter.4}% 17
\BOOKMARK [1][-]{section.4.2}{Test data}{chapter.4}% 18
\BOOKMARK [1][-]{section.4.3}{Inspect your system}{chapter.4}% 19
\BOOKMARK [1][-]{section.4.4}{Prepare config file}{chapter.4}% 20
\BOOKMARK [1][-]{section.4.5}{Run Valve}{chapter.4}% 21
\BOOKMARK [1][-]{section.4.6}{Feedback}{chapter.4}% 22
\BOOKMARK [0][-]{chapter.5}{aqueduct}{}% 23
\BOOKMARK [1][-]{section.5.1}{aqueduct package}{chapter.5}% 24
\BOOKMARK [0][-]{chapter.6}{Indices and tables}{}% 25
\BOOKMARK [0][-]{section*.436}{Python Module Index}{}% 26
\BOOKMARK [0][-]{section*.437}{Index}{}% 27
